<?xml version="1.0" encoding="UTF-8"?>
<!-- Generated by org.testng.reporters.JUnitReportReporter -->
<testsuite hostname="DESKTOP-6RRSLC2" failures="0" tests="1" name="Selenium.TestCase1" time="54.174" errors="0" timestamp="2024-01-22T07:49:49 IST" skipped="0">
  <testcase classname="Selenium.TestCase1" name="CheckTotalNoofItems" time="54.174"/>
</testsuite> <!-- Selenium.TestCase1 -->
