<?xml version="1.0" encoding="UTF-8"?>
<!-- Generated by org.testng.reporters.JUnitReportReporter -->
<testsuite hostname="DESKTOP-6RRSLC2" failures="0" tests="4" name="ExcelDataProviders.DataProvider" time="0.016" errors="0" timestamp="2023-10-20T11:21:09 IST" skipped="0">
  <testcase classname="ExcelDataProviders.DataProvider" name="method" time="0.002"/>
  <testcase classname="ExcelDataProviders.DataProvider" name="method" time="0.002"/>
  <testcase classname="ExcelDataProviders.DataProvider" name="method" time="0.011"/>
  <testcase classname="ExcelDataProviders.DataProvider" name="method" time="0.001"/>
</testsuite> <!-- ExcelDataProviders.DataProvider -->
