<?xml version="1.0" encoding="UTF-8"?>
<!-- Generated by org.testng.reporters.JUnitReportReporter -->
<testsuite hostname="DESKTOP-6RRSLC2" failures="0" tests="4" name="JavaPrograms.Class1" time="0.015" errors="0" timestamp="2023-12-05T06:41:33 IST" skipped="0">
  <testcase classname="JavaPrograms.Class1" name="method3" time="0.012"/>
  <testcase classname="JavaPrograms.Class1" name="method2" time="0.001"/>
  <testcase classname="JavaPrograms.Class1" name="method4" time="0.001"/>
  <testcase classname="JavaPrograms.Class1" name="method1" time="0.001"/>
</testsuite> <!-- JavaPrograms.Class1 -->
