<?xml version="1.0" encoding="UTF-8"?>
<!-- Generated by org.testng.reporters.JUnitReportReporter -->
<testsuite hostname="DESKTOP-6RRSLC2" failures="0" tests="2" name="JavaPrograms.HashMap1" time="0.017" errors="0" timestamp="2023-10-28T06:52:00 IST" skipped="1">
  <testcase classname="JavaPrograms.HashMap1" name="HashTable" time="0.017"/>
  <testcase classname="JavaPrograms.HashMap1" name="HashMap">
    <skipped/>
  </testcase> <!-- HashMap -->
</testsuite> <!-- JavaPrograms.HashMap1 -->
