<?xml version="1.0" encoding="UTF-8"?>
<!-- Generated by org.testng.reporters.JUnitReportReporter -->
<testsuite hostname="DESKTOP-6RRSLC2" failures="0" tests="1" name="Selenium.TestCase3" time="51.629" errors="0" timestamp="2024-01-22T11:34:20 IST" skipped="0">
  <testcase classname="Selenium.TestCase3" name="checktheicon" time="51.629"/>
</testsuite> <!-- Selenium.TestCase3 -->
