<?xml version="1.0" encoding="UTF-8"?>
<!-- Generated by org.testng.reporters.JUnitReportReporter -->
<testsuite hostname="DESKTOP-6RRSLC2" failures="0" tests="2" name="JavaPrograms.TestNG" time="0.022" errors="0" timestamp="2023-10-06T10:46:57 IST" skipped="0">
  <testcase classname="JavaPrograms.TestNG" name="method2" time="0.003"/>
  <testcase classname="JavaPrograms.TestNG" name="method1" time="0.019"/>
</testsuite> <!-- JavaPrograms.TestNG -->
