<?xml version="1.0" encoding="UTF-8"?>
<!-- Generated by org.testng.reporters.JUnitReportReporter -->
<testsuite hostname="DESKTOP-6RRSLC2" failures="0" tests="1" name="Selenium.TestCase4" time="67.721" errors="0" timestamp="2024-01-21T20:58:19 IST" skipped="0">
  <testcase classname="Selenium.TestCase4" name="checktheicon" time="67.721"/>
</testsuite> <!-- Selenium.TestCase4 -->
