<?xml version="1.0" encoding="UTF-8"?>
<!-- Generated by org.testng.reporters.JUnitReportReporter -->
<testsuite hostname="DESKTOP-6RRSLC2" failures="0" tests="2" name="JavaPrograms.ArrayList1" time="0.012" errors="0" timestamp="2023-12-05T06:58:41 IST" skipped="1">
  <testcase classname="JavaPrograms.ArrayList1" name="method1" time="0.012"/>
  <testcase classname="JavaPrograms.ArrayList1" name="method2">
    <skipped/>
  </testcase> <!-- method2 -->
</testsuite> <!-- JavaPrograms.ArrayList1 -->
