<?xml version="1.0" encoding="UTF-8"?>
<!-- Generated by org.testng.reporters.JUnitReportReporter -->
<testsuite hostname="DESKTOP-6RRSLC2" failures="0" tests="3" name="JavaPrograms.Class2" time="0.003" errors="0" timestamp="2023-10-06T12:07:11 IST" skipped="0">
  <testcase classname="JavaPrograms.Class2" name="method2" time="0.000"/>
  <testcase classname="JavaPrograms.Class2" name="method1" time="0.002"/>
  <testcase classname="JavaPrograms.Class2" name="method2" time="0.001"/>
</testsuite> <!-- JavaPrograms.Class2 -->
