<?xml version="1.0" encoding="UTF-8"?>
<!-- Generated by org.testng.reporters.JUnitReportReporter -->
<testsuite hostname="DESKTOP-6RRSLC2" failures="0" tests="1" name="Selenium.Practice" time="58.591" errors="0" timestamp="2024-01-20T00:53:01 IST" skipped="0">
  <testcase classname="Selenium.Practice" name="method1" time="58.591"/>
</testsuite> <!-- Selenium.Practice -->
