<?xml version="1.0" encoding="UTF-8"?>
<!-- Generated by org.testng.reporters.JUnitReportReporter -->
<testsuite hostname="DESKTOP-6RRSLC2" failures="0" tests="3" name="JavaPrograms.Stringeg" time="0.010" errors="0" timestamp="2023-11-16T09:42:48 IST" skipped="2">
  <testcase classname="JavaPrograms.Stringeg" name="Stringcomparison" time="0.010"/>
  <testcase classname="JavaPrograms.Stringeg" name="spliting">
    <skipped/>
  </testcase> <!-- spliting -->
  <testcase classname="JavaPrograms.Stringeg" name="ConcatandSubstring">
    <skipped/>
  </testcase> <!-- ConcatandSubstring -->
</testsuite> <!-- JavaPrograms.Stringeg -->
