<?xml version="1.0" encoding="UTF-8"?>
<!-- Generated by org.testng.reporters.JUnitReportReporter -->
<testsuite hostname="DESKTOP-6RRSLC2" failures="0" tests="3" name="ExcelDataProviders.ExcelData" time="0.016" errors="0" timestamp="2024-01-17T09:29:07 IST" skipped="0">
  <testcase classname="ExcelDataProviders.ExcelData" name="getdatafromexcel" time="0.004"/>
  <testcase classname="ExcelDataProviders.ExcelData" name="getdatafromexcel" time="0.010"/>
  <testcase classname="ExcelDataProviders.ExcelData" name="getdatafromexcel" time="0.002"/>
</testsuite> <!-- ExcelDataProviders.ExcelData -->
