<?xml version="1.0" encoding="UTF-8"?>
<!-- Generated by org.testng.reporters.JUnitReportReporter -->
<testsuite hostname="DESKTOP-6RRSLC2" failures="0" tests="1" name="Selenium.Practice3" time="61.171" errors="0" timestamp="2024-01-17T15:54:58 IST" skipped="0">
  <testcase classname="Selenium.Practice3" name="method1" time="61.171"/>
</testsuite> <!-- Selenium.Practice3 -->
