<?xml version="1.0" encoding="UTF-8"?>
<!-- Generated by org.testng.reporters.JUnitReportReporter -->
<testsuite hostname="DESKTOP-6RRSLC2" failures="0" tests="1" name="Selenium.TestCase1" time="51.571" errors="0" timestamp="2024-01-22T20:09:34 IST" skipped="0">
  <testcase classname="Selenium.TestCase1" name="CheckTotalNoofItems" time="51.571"/>
</testsuite> <!-- Selenium.TestCase1 -->
