<?xml version="1.0" encoding="UTF-8"?>
<!-- Generated by org.testng.reporters.JUnitReportReporter -->
<testsuite hostname="DESKTOP-6RRSLC2" failures="0" tests="1" name="Selenium.TestCase2" time="53.432" errors="0" timestamp="2024-01-22T19:11:33 IST" skipped="0">
  <testcase classname="Selenium.TestCase2" name="CheckTotalNoofOverPricedItems" time="53.432"/>
</testsuite> <!-- Selenium.TestCase2 -->
